0 verbose cli /usr/local/bin/node /usr/local/lib/node_modules/npm/bin/npm-cli.js
1 info using npm@11.9.0
2 info using node@v24.14.0
3 silly config load:file:/usr/local/lib/node_modules/npm/npmrc
4 silly config load:file:/Users/huangqiuqiu/Documents/数据中台项目/.npmrc
5 silly config load:file:/Users/huangqiuqiu/.npmrc
6 silly config load:file:/usr/local/etc/npmrc
7 verbose title npm exec localtunnel --port 8000
8 verbose argv "exec" "--yes" "--" "localtunnel" "--port" "8000"
9 verbose logfile logs-max:10 dir:/Users/huangqiuqiu/Documents/数据中台项目/.npm-cache/_logs/2026-03-04T07_41_32_267Z-
10 verbose logfile /Users/huangqiuqiu/Documents/数据中台项目/.npm-cache/_logs/2026-03-04T07_41_32_267Z-debug-0.log
11 silly logfile done cleaning log files
12 silly packumentCache heap:4496293888 maxSize:1124073472 maxEntrySize:562036736
13 http fetch GET 200 https://registry.npmjs.org/localtunnel 696ms (cache miss)
14 silly packumentCache heap:4496293888 maxSize:1124073472 maxEntrySize:562036736
15 silly packumentCache heap:4496293888 maxSize:1124073472 maxEntrySize:562036736
16 silly idealTree buildDeps
17 silly fetch manifest localtunnel@2.0.2
18 silly packumentCache full:https://registry.npmjs.org/localtunnel cache-miss
19 http fetch GET 200 https://registry.npmjs.org/localtunnel 196ms (cache miss)
20 silly packumentCache full:https://registry.npmjs.org/localtunnel set size:undefined disposed:false
21 silly placeDep ROOT localtunnel@2.0.2 OK for:  want: 2.0.2
22 silly fetch manifest axios@0.21.4
23 silly packumentCache full:https://registry.npmjs.org/axios cache-miss
24 silly fetch manifest debug@4.3.2
25 silly packumentCache full:https://registry.npmjs.org/debug cache-miss
26 silly fetch manifest openurl@1.1.1
27 silly packumentCache full:https://registry.npmjs.org/openurl cache-miss
28 silly fetch manifest yargs@17.1.1
29 silly packumentCache full:https://registry.npmjs.org/yargs cache-miss
30 http fetch GET 200 https://registry.npmjs.org/npm 1353ms
31 http fetch GET 200 https://registry.npmjs.org/openurl 907ms (cache miss)
32 silly packumentCache full:https://registry.npmjs.org/openurl set size:undefined disposed:false
33 http fetch GET 200 https://registry.npmjs.org/axios 965ms (cache miss)
34 silly packumentCache full:https://registry.npmjs.org/axios set size:undefined disposed:false
35 http fetch GET 200 https://registry.npmjs.org/debug 1045ms (cache miss)
36 silly packumentCache full:https://registry.npmjs.org/debug set size:undefined disposed:false
37 http fetch GET 200 https://registry.npmjs.org/yargs 1059ms (cache miss)
38 silly packumentCache full:https://registry.npmjs.org/yargs set size:undefined disposed:false
39 silly placeDep ROOT axios@0.21.4 OK for: localtunnel@2.0.2 want: 0.21.4
40 silly placeDep ROOT debug@4.3.2 OK for: localtunnel@2.0.2 want: 4.3.2
41 silly placeDep ROOT openurl@1.1.1 OK for: localtunnel@2.0.2 want: 1.1.1
42 silly placeDep ROOT yargs@17.1.1 OK for: localtunnel@2.0.2 want: 17.1.1
43 silly fetch manifest follow-redirects@^1.14.0
44 silly packumentCache full:https://registry.npmjs.org/follow-redirects cache-miss
45 silly fetch manifest ms@2.1.2
46 silly packumentCache full:https://registry.npmjs.org/ms cache-miss
47 silly fetch manifest y18n@^5.0.5
48 silly packumentCache full:https://registry.npmjs.org/y18n cache-miss
49 silly fetch manifest cliui@^7.0.2
50 silly packumentCache full:https://registry.npmjs.org/cliui cache-miss
51 silly fetch manifest escalade@^3.1.1
52 silly packumentCache full:https://registry.npmjs.org/escalade cache-miss
53 silly fetch manifest string-width@^4.2.0
54 silly packumentCache full:https://registry.npmjs.org/string-width cache-miss
55 silly fetch manifest yargs-parser@^20.2.2
56 silly packumentCache full:https://registry.npmjs.org/yargs-parser cache-miss
57 http fetch GET 200 https://registry.npmjs.org/ms 200ms (cache miss)
58 silly packumentCache full:https://registry.npmjs.org/ms set size:undefined disposed:false
59 silly fetch manifest get-caller-file@^2.0.5
60 silly packumentCache full:https://registry.npmjs.org/get-caller-file cache-miss
61 http fetch GET 200 https://registry.npmjs.org/cliui 205ms (cache miss)
62 silly packumentCache full:https://registry.npmjs.org/cliui set size:undefined disposed:false
63 silly fetch manifest require-directory@^2.1.1
64 silly packumentCache full:https://registry.npmjs.org/require-directory cache-miss
65 http fetch GET 200 https://registry.npmjs.org/escalade 361ms (cache miss)
66 silly packumentCache full:https://registry.npmjs.org/escalade set size:undefined disposed:false
67 http fetch GET 200 https://registry.npmjs.org/y18n 364ms (cache miss)
68 silly packumentCache full:https://registry.npmjs.org/y18n set size:undefined disposed:false
69 http fetch GET 200 https://registry.npmjs.org/follow-redirects 371ms (cache miss)
70 silly packumentCache full:https://registry.npmjs.org/follow-redirects set size:undefined disposed:false
71 http fetch GET 200 https://registry.npmjs.org/get-caller-file 198ms (cache miss)
72 silly packumentCache full:https://registry.npmjs.org/get-caller-file set size:undefined disposed:false
73 http fetch GET 200 https://registry.npmjs.org/require-directory 196ms (cache miss)
74 silly packumentCache full:https://registry.npmjs.org/require-directory set size:undefined disposed:false
75 http fetch GET 200 https://registry.npmjs.org/string-width 702ms (cache miss)
76 silly packumentCache full:https://registry.npmjs.org/string-width set size:undefined disposed:false
77 http fetch GET 200 https://registry.npmjs.org/yargs-parser 867ms (cache miss)
78 silly packumentCache full:https://registry.npmjs.org/yargs-parser set size:undefined disposed:false
79 silly placeDep ROOT follow-redirects@1.15.11 OK for: axios@0.21.4 want: ^1.14.0
80 silly placeDep ROOT ms@2.1.2 OK for: debug@4.3.2 want: 2.1.2
81 silly placeDep ROOT cliui@7.0.4 OK for: yargs@17.1.1 want: ^7.0.2
82 silly placeDep ROOT escalade@3.2.0 OK for: yargs@17.1.1 want: ^3.1.1
83 silly placeDep ROOT get-caller-file@2.0.5 OK for: yargs@17.1.1 want: ^2.0.5
84 silly placeDep ROOT require-directory@2.1.1 OK for: yargs@17.1.1 want: ^2.1.1
85 silly placeDep ROOT string-width@4.2.3 OK for: yargs@17.1.1 want: ^4.2.0
86 silly placeDep ROOT y18n@5.0.8 OK for: yargs@17.1.1 want: ^5.0.5
87 silly placeDep ROOT yargs-parser@20.2.9 OK for: yargs@17.1.1 want: ^20.2.2
88 silly fetch manifest wrap-ansi@^7.0.0
89 silly packumentCache full:https://registry.npmjs.org/wrap-ansi cache-miss
90 silly fetch manifest strip-ansi@^6.0.0
91 silly packumentCache full:https://registry.npmjs.org/strip-ansi cache-miss
92 silly fetch manifest strip-ansi@^6.0.1
93 silly packumentCache full:https://registry.npmjs.org/strip-ansi cache-miss
94 silly fetch manifest emoji-regex@^8.0.0
95 silly packumentCache full:https://registry.npmjs.org/emoji-regex cache-miss
96 silly fetch manifest is-fullwidth-code-point@^3.0.0
97 silly packumentCache full:https://registry.npmjs.org/is-fullwidth-code-point cache-miss
98 http fetch GET 200 https://registry.npmjs.org/strip-ansi 195ms (cache miss)
99 silly packumentCache full:https://registry.npmjs.org/strip-ansi set size:undefined disposed:false
100 http fetch GET 200 https://registry.npmjs.org/strip-ansi 198ms (cache miss)
101 silly packumentCache full:https://registry.npmjs.org/strip-ansi set size:undefined disposed:false
102 http fetch GET 200 https://registry.npmjs.org/is-fullwidth-code-point 201ms (cache miss)
103 silly packumentCache full:https://registry.npmjs.org/is-fullwidth-code-point set size:undefined disposed:false
104 http fetch GET 200 https://registry.npmjs.org/emoji-regex 211ms (cache miss)
105 silly packumentCache full:https://registry.npmjs.org/emoji-regex set size:undefined disposed:false
106 http fetch GET 200 https://registry.npmjs.org/wrap-ansi 360ms (cache miss)
107 silly packumentCache full:https://registry.npmjs.org/wrap-ansi set size:undefined disposed:false
108 silly placeDep ROOT strip-ansi@6.0.1 OK for: cliui@7.0.4 want: ^6.0.0
109 silly placeDep ROOT wrap-ansi@7.0.0 OK for: cliui@7.0.4 want: ^7.0.0
110 silly fetch manifest ansi-regex@^5.0.1
111 silly packumentCache full:https://registry.npmjs.org/ansi-regex cache-miss
112 silly fetch manifest ansi-styles@^4.0.0
113 silly packumentCache full:https://registry.npmjs.org/ansi-styles cache-miss
114 http fetch GET 200 https://registry.npmjs.org/ansi-regex 198ms (cache miss)
115 silly packumentCache full:https://registry.npmjs.org/ansi-regex set size:undefined disposed:false
116 http fetch GET 200 https://registry.npmjs.org/ansi-styles 202ms (cache miss)
117 silly packumentCache full:https://registry.npmjs.org/ansi-styles set size:undefined disposed:false
118 silly placeDep ROOT emoji-regex@8.0.0 OK for: string-width@4.2.3 want: ^8.0.0
119 silly placeDep ROOT is-fullwidth-code-point@3.0.0 OK for: string-width@4.2.3 want: ^3.0.0
120 silly placeDep ROOT ansi-regex@5.0.1 OK for: strip-ansi@6.0.1 want: ^5.0.1
121 silly placeDep ROOT ansi-styles@4.3.0 OK for: wrap-ansi@7.0.0 want: ^4.0.0
122 silly fetch manifest color-convert@^2.0.1
123 silly packumentCache full:https://registry.npmjs.org/color-convert cache-miss
124 http fetch GET 200 https://registry.npmjs.org/color-convert 364ms (cache miss)
125 silly packumentCache full:https://registry.npmjs.org/color-convert set size:undefined disposed:false
126 silly placeDep ROOT color-convert@2.0.1 OK for: ansi-styles@4.3.0 want: ^2.0.1
127 silly fetch manifest color-name@~1.1.4
128 silly packumentCache full:https://registry.npmjs.org/color-name cache-miss
129 http fetch GET 200 https://registry.npmjs.org/color-name 187ms (cache miss)
130 silly packumentCache full:https://registry.npmjs.org/color-name set size:undefined disposed:false
131 silly placeDep ROOT color-name@1.1.4 OK for: color-convert@2.0.1 want: ~1.1.4
132 silly reify moves {}
133 silly audit bulk request {
133 silly audit   localtunnel: [ '2.0.2' ],
133 silly audit   axios: [ '0.21.4' ],
133 silly audit   debug: [ '4.3.2' ],
133 silly audit   openurl: [ '1.1.1' ],
133 silly audit   yargs: [ '17.1.1' ],
133 silly audit   'follow-redirects': [ '1.15.11' ],
133 silly audit   ms: [ '2.1.2' ],
133 silly audit   cliui: [ '7.0.4' ],
133 silly audit   escalade: [ '3.2.0' ],
133 silly audit   'get-caller-file': [ '2.0.5' ],
133 silly audit   'require-directory': [ '2.1.1' ],
133 silly audit   'string-width': [ '4.2.3' ],
133 silly audit   y18n: [ '5.0.8' ],
133 silly audit   'yargs-parser': [ '20.2.9' ],
133 silly audit   'strip-ansi': [ '6.0.1' ],
133 silly audit   'wrap-ansi': [ '7.0.0' ],
133 silly audit   'emoji-regex': [ '8.0.0' ],
133 silly audit   'is-fullwidth-code-point': [ '3.0.0' ],
133 silly audit   'ansi-regex': [ '5.0.1' ],
133 silly audit   'ansi-styles': [ '4.3.0' ],
133 silly audit   'color-convert': [ '2.0.1' ],
133 silly audit   'color-name': [ '1.1.4' ]
133 silly audit }
134 http cache color-name@https://registry.npmjs.org/color-name/-/color-name-1.1.4.tgz 0ms (cache hit)
135 http cache color-convert@https://registry.npmjs.org/color-convert/-/color-convert-2.0.1.tgz 0ms (cache hit)
136 http cache ansi-styles@https://registry.npmjs.org/ansi-styles/-/ansi-styles-4.3.0.tgz 0ms (cache hit)
137 http cache is-fullwidth-code-point@https://registry.npmjs.org/is-fullwidth-code-point/-/is-fullwidth-code-point-3.0.0.tgz 0ms (cache hit)
138 http cache ansi-regex@https://registry.npmjs.org/ansi-regex/-/ansi-regex-5.0.1.tgz 0ms (cache hit)
139 http cache emoji-regex@https://registry.npmjs.org/emoji-regex/-/emoji-regex-8.0.0.tgz 0ms (cache hit)
140 http cache wrap-ansi@https://registry.npmjs.org/wrap-ansi/-/wrap-ansi-7.0.0.tgz 0ms (cache hit)
141 http cache strip-ansi@https://registry.npmjs.org/strip-ansi/-/strip-ansi-6.0.1.tgz 1ms (cache hit)
142 http cache y18n@https://registry.npmjs.org/y18n/-/y18n-5.0.8.tgz 0ms (cache hit)
143 http cache string-width@https://registry.npmjs.org/string-width/-/string-width-4.2.3.tgz 0ms (cache hit)
144 http cache require-directory@https://registry.npmjs.org/require-directory/-/require-directory-2.1.1.tgz 0ms (cache hit)
145 http cache escalade@https://registry.npmjs.org/escalade/-/escalade-3.2.0.tgz 0ms (cache hit)
146 http cache cliui@https://registry.npmjs.org/cliui/-/cliui-7.0.4.tgz 0ms (cache hit)
147 http cache ms@https://registry.npmjs.org/ms/-/ms-2.1.2.tgz 0ms (cache hit)
148 http cache follow-redirects@https://registry.npmjs.org/follow-redirects/-/follow-redirects-1.15.11.tgz 0ms (cache hit)
149 http cache get-caller-file@https://registry.npmjs.org/get-caller-file/-/get-caller-file-2.0.5.tgz 0ms (cache hit)
150 http cache yargs@https://registry.npmjs.org/yargs/-/yargs-17.1.1.tgz 0ms (cache hit)
151 http cache debug@https://registry.npmjs.org/debug/-/debug-4.3.2.tgz 0ms (cache hit)
152 http cache openurl@https://registry.npmjs.org/openurl/-/openurl-1.1.1.tgz 0ms (cache hit)
153 http cache axios@https://registry.npmjs.org/axios/-/axios-0.21.4.tgz 0ms (cache hit)
154 http cache localtunnel@https://registry.npmjs.org/localtunnel/-/localtunnel-2.0.2.tgz 0ms (cache hit)
155 http cache yargs-parser@https://registry.npmjs.org/yargs-parser/-/yargs-parser-20.2.9.tgz 0ms (cache hit)
156 silly tarball no local data for color-name@https://registry.npmjs.org/color-name/-/color-name-1.1.4.tgz. Extracting by manifest.
157 silly tarball no local data for color-convert@https://registry.npmjs.org/color-convert/-/color-convert-2.0.1.tgz. Extracting by manifest.
158 silly tarball no local data for ansi-styles@https://registry.npmjs.org/ansi-styles/-/ansi-styles-4.3.0.tgz. Extracting by manifest.
159 silly tarball no local data for is-fullwidth-code-point@https://registry.npmjs.org/is-fullwidth-code-point/-/is-fullwidth-code-point-3.0.0.tgz. Extracting by manifest.
160 silly tarball no local data for ansi-regex@https://registry.npmjs.org/ansi-regex/-/ansi-regex-5.0.1.tgz. Extracting by manifest.
161 silly tarball no local data for emoji-regex@https://registry.npmjs.org/emoji-regex/-/emoji-regex-8.0.0.tgz. Extracting by manifest.
162 silly tarball no local data for wrap-ansi@https://registry.npmjs.org/wrap-ansi/-/wrap-ansi-7.0.0.tgz. Extracting by manifest.
163 silly tarball no local data for strip-ansi@https://registry.npmjs.org/strip-ansi/-/strip-ansi-6.0.1.tgz. Extracting by manifest.
164 silly tarball no local data for y18n@https://registry.npmjs.org/y18n/-/y18n-5.0.8.tgz. Extracting by manifest.
165 silly tarball no local data for string-width@https://registry.npmjs.org/string-width/-/string-width-4.2.3.tgz. Extracting by manifest.
166 silly tarball no local data for require-directory@https://registry.npmjs.org/require-directory/-/require-directory-2.1.1.tgz. Extracting by manifest.
167 silly tarball no local data for escalade@https://registry.npmjs.org/escalade/-/escalade-3.2.0.tgz. Extracting by manifest.
168 silly tarball no local data for cliui@https://registry.npmjs.org/cliui/-/cliui-7.0.4.tgz. Extracting by manifest.
169 silly tarball no local data for ms@https://registry.npmjs.org/ms/-/ms-2.1.2.tgz. Extracting by manifest.
170 silly tarball no local data for follow-redirects@https://registry.npmjs.org/follow-redirects/-/follow-redirects-1.15.11.tgz. Extracting by manifest.
171 silly tarball no local data for get-caller-file@https://registry.npmjs.org/get-caller-file/-/get-caller-file-2.0.5.tgz. Extracting by manifest.
172 silly tarball no local data for yargs@https://registry.npmjs.org/yargs/-/yargs-17.1.1.tgz. Extracting by manifest.
173 silly tarball no local data for debug@https://registry.npmjs.org/debug/-/debug-4.3.2.tgz. Extracting by manifest.
174 silly tarball no local data for openurl@https://registry.npmjs.org/openurl/-/openurl-1.1.1.tgz. Extracting by manifest.
175 silly tarball no local data for axios@https://registry.npmjs.org/axios/-/axios-0.21.4.tgz. Extracting by manifest.
176 silly tarball no local data for localtunnel@https://registry.npmjs.org/localtunnel/-/localtunnel-2.0.2.tgz. Extracting by manifest.
177 silly tarball no local data for yargs-parser@https://registry.npmjs.org/yargs-parser/-/yargs-parser-20.2.9.tgz. Extracting by manifest.
178 http fetch POST 200 https://registry.npmjs.org/-/npm/v1/security/advisories/bulk 224ms
179 silly audit report {
179 silly audit report   axios: [
179 silly audit report     {
179 silly audit report       id: 1111034,
179 silly audit report       url: 'https://github.com/advisories/GHSA-jr5f-v2jv-69x6',
179 silly audit report       title: 'axios Requests Vulnerable To Possible SSRF and Credential Leakage via Absolute URL',
179 silly audit report       severity: 'high',
179 silly audit report       vulnerable_versions: '<0.30.0',
179 silly audit report       cwe: [Array],
179 silly audit report       cvss: [Object]
179 silly audit report     },
179 silly audit report     {
179 silly audit report       id: 1113274,
179 silly audit report       url: 'https://github.com/advisories/GHSA-43fc-jf86-j433',
179 silly audit report       title: 'Axios is Vulnerable to Denial of Service via __proto__ Key in mergeConfig',
179 silly audit report       severity: 'high',
179 silly audit report       vulnerable_versions: '<=0.30.2',
179 silly audit report       cwe: [Array],
179 silly audit report       cvss: [Object]
179 silly audit report     },
179 silly audit report     {
179 silly audit report       id: 1097679,
179 silly audit report       url: 'https://github.com/advisories/GHSA-wf5p-g6vw-rhxx',
179 silly audit report       title: 'Axios Cross-Site Request Forgery Vulnerability',
179 silly audit report       severity: 'moderate',
179 silly audit report       vulnerable_versions: '>=0.8.1 <0.28.0',
179 silly audit report       cwe: [Array],
179 silly audit report       cvss: [Object]
179 silly audit report     }
179 silly audit report   ]
179 silly audit report }
180 silly packumentCache corgi:https://registry.npmjs.org/axios cache-miss
181 http fetch GET 200 https://registry.npmjs.org/color-name/-/color-name-1.1.4.tgz 218ms (cache miss)
182 http fetch GET 200 https://registry.npmjs.org/ansi-regex/-/ansi-regex-5.0.1.tgz 218ms (cache miss)
183 http fetch GET 200 https://registry.npmjs.org/ansi-styles/-/ansi-styles-4.3.0.tgz 219ms (cache miss)
184 http fetch GET 200 https://registry.npmjs.org/get-caller-file/-/get-caller-file-2.0.5.tgz 388ms (cache miss)
185 http fetch GET 200 https://registry.npmjs.org/is-fullwidth-code-point/-/is-fullwidth-code-point-3.0.0.tgz 401ms (cache miss)
186 http fetch GET 200 https://registry.npmjs.org/emoji-regex/-/emoji-regex-8.0.0.tgz 405ms (cache miss)
187 http fetch GET 200 https://registry.npmjs.org/debug/-/debug-4.3.2.tgz 404ms (cache miss)
188 http fetch GET 200 https://registry.npmjs.org/openurl/-/openurl-1.1.1.tgz 581ms (cache miss)
189 http fetch GET 200 https://registry.npmjs.org/yargs/-/yargs-17.1.1.tgz 594ms (cache miss)
190 http fetch GET 200 https://registry.npmjs.org/yargs-parser/-/yargs-parser-20.2.9.tgz 611ms (cache miss)
191 http fetch GET 200 https://registry.npmjs.org/wrap-ansi/-/wrap-ansi-7.0.0.tgz 698ms (cache miss)
192 http fetch GET 200 https://registry.npmjs.org/ms/-/ms-2.1.2.tgz 700ms (cache miss)
193 http fetch GET 200 https://registry.npmjs.org/y18n/-/y18n-5.0.8.tgz 705ms (cache miss)
194 http fetch GET 200 https://registry.npmjs.org/string-width/-/string-width-4.2.3.tgz 708ms (cache miss)
195 http fetch GET 200 https://registry.npmjs.org/strip-ansi/-/strip-ansi-6.0.1.tgz 710ms (cache miss)
196 http fetch GET 200 https://registry.npmjs.org/escalade/-/escalade-3.2.0.tgz 712ms (cache miss)
197 http fetch GET 200 https://registry.npmjs.org/localtunnel/-/localtunnel-2.0.2.tgz 791ms (cache miss)
198 http fetch GET 200 https://registry.npmjs.org/axios 596ms (cache miss)
199 silly packumentCache corgi:https://registry.npmjs.org/axios set size:undefined disposed:false
200 silly packumentCache corgi:https://registry.npmjs.org/localtunnel cache-miss
201 http cache https://registry.npmjs.org/localtunnel 3ms (cache hit)
202 silly packumentCache corgi:https://registry.npmjs.org/localtunnel set size:25176 disposed:false
203 http fetch GET 200 https://registry.npmjs.org/axios/-/axios-0.21.4.tgz 816ms (cache miss)
204 http fetch GET 200 https://registry.npmjs.org/cliui/-/cliui-7.0.4.tgz 871ms (cache miss)
205 http fetch GET 200 https://registry.npmjs.org/require-directory/-/require-directory-2.1.1.tgz 906ms (cache miss)
206 http fetch GET 200 https://registry.npmjs.org/follow-redirects/-/follow-redirects-1.15.11.tgz 962ms (cache miss)
207 http fetch GET 200 https://registry.npmjs.org/color-convert/-/color-convert-2.0.1.tgz 976ms (cache miss)
